[2025-01-30 19:16:37] production.ERROR: Carbon\Carbon::setLocale(): Argument #1 ($locale) must be of type string, false given, called in /home/unconditional/htdocs/unconditional.org/vendor/nesbot/carbon/src/Carbon/Laravel/ServiceProvider.php on line 71 {"exception":"[object] (TypeError(code: 0): Carbon\\Carbon::setLocale(): Argument #1 ($locale) must be of type string, false given, called in /home/unconditional/htdocs/unconditional.org/vendor/nesbot/carbon/src/Carbon/Laravel/ServiceProvider.php on line 71 at /home/unconditional/htdocs/unconditional.org/vendor/nesbot/carbon/src/Carbon/Traits/Localization.php:393)
[stacktrace]
#0 /home/unconditional/htdocs/unconditional.org/vendor/nesbot/carbon/src/Carbon/Laravel/ServiceProvider.php(71): Carbon\\Carbon::setLocale()
#1 /home/unconditional/htdocs/unconditional.org/vendor/nesbot/carbon/src/Carbon/Laravel/ServiceProvider.php(58): Carbon\\Laravel\\ServiceProvider->updateLocale()
#2 /home/unconditional/htdocs/unconditional.org/vendor/laravel/framework/src/Illuminate/Events/Dispatcher.php(458): Carbon\\Laravel\\ServiceProvider->Carbon\\Laravel\\{closure}()
#3 /home/unconditional/htdocs/unconditional.org/vendor/laravel/framework/src/Illuminate/Events/Dispatcher.php(286): Illuminate\\Events\\Dispatcher->Illuminate\\Events\\{closure}()
#4 /home/unconditional/htdocs/unconditional.org/vendor/laravel/framework/src/Illuminate/Events/Dispatcher.php(266): Illuminate\\Events\\Dispatcher->invokeListeners()
#5 /home/unconditional/htdocs/unconditional.org/vendor/laravel/framework/src/Illuminate/Foundation/Application.php(1501): Illuminate\\Events\\Dispatcher->dispatch()
#6 /home/unconditional/htdocs/unconditional.org/vendor/laravel/framework/src/Illuminate/Support/Facades/Facade.php(357): Illuminate\\Foundation\\Application->setLocale()
#7 /home/unconditional/htdocs/unconditional.org/app/Providers/AppServiceProvider.php(148): Illuminate\\Support\\Facades\\Facade::__callStatic()
#8 /home/unconditional/htdocs/unconditional.org/vendor/laravel/framework/src/Illuminate/Container/BoundMethod.php(36): App\\Providers\\AppServiceProvider->boot()
#9 /home/unconditional/htdocs/unconditional.org/vendor/laravel/framework/src/Illuminate/Container/Util.php(41): Illuminate\\Container\\BoundMethod::Illuminate\\Container\\{closure}()
#10 /home/unconditional/htdocs/unconditional.org/vendor/laravel/framework/src/Illuminate/Container/BoundMethod.php(93): Illuminate\\Container\\Util::unwrapIfClosure()
#11 /home/unconditional/htdocs/unconditional.org/vendor/laravel/framework/src/Illuminate/Container/BoundMethod.php(35): Illuminate\\Container\\BoundMethod::callBoundMethod()
#12 /home/unconditional/htdocs/unconditional.org/vendor/laravel/framework/src/Illuminate/Container/Container.php(662): Illuminate\\Container\\BoundMethod::call()
#13 /home/unconditional/htdocs/unconditional.org/vendor/laravel/framework/src/Illuminate/Foundation/Application.php(1099): Illuminate\\Container\\Container->call()
#14 /home/unconditional/htdocs/unconditional.org/vendor/laravel/framework/src/Illuminate/Foundation/Application.php(1080): Illuminate\\Foundation\\Application->bootProvider()
#15 [internal function]: Illuminate\\Foundation\\Application->Illuminate\\Foundation\\{closure}()
#16 /home/unconditional/htdocs/unconditional.org/vendor/laravel/framework/src/Illuminate/Foundation/Application.php(1079): array_walk()
#17 /home/unconditional/htdocs/unconditional.org/vendor/laravel/framework/src/Illuminate/Foundation/Bootstrap/BootProviders.php(17): Illuminate\\Foundation\\Application->boot()
#18 /home/unconditional/htdocs/unconditional.org/vendor/laravel/framework/src/Illuminate/Foundation/Application.php(309): Illuminate\\Foundation\\Bootstrap\\BootProviders->bootstrap()
#19 /home/unconditional/htdocs/unconditional.org/vendor/laravel/framework/src/Illuminate/Foundation/Http/Kernel.php(186): Illuminate\\Foundation\\Application->bootstrapWith()
#20 /home/unconditional/htdocs/unconditional.org/vendor/laravel/framework/src/Illuminate/Foundation/Http/Kernel.php(170): Illuminate\\Foundation\\Http\\Kernel->bootstrap()
#21 /home/unconditional/htdocs/unconditional.org/vendor/laravel/framework/src/Illuminate/Foundation/Http/Kernel.php(144): Illuminate\\Foundation\\Http\\Kernel->sendRequestThroughRouter()
#22 /home/unconditional/htdocs/unconditional.org/public/index.php(53): Illuminate\\Foundation\\Http\\Kernel->handle()
#23 {main}
"} 
